<?xml version="1.0" encoding="UTF-8"?>
<!-- Generated by org.testng.reporters.JUnitReportReporter -->
<testsuite hostname="lenovo-Lenovo-V15-G2-ITL-Ua" failures="0" tests="1" name="com.messaging_platform.testCases.TC_LoginPage_001" time="1.017" errors="0" timestamp="20 Apr 2022 06:19:01 GMT" skipped="0">
  <testcase classname="com.messaging_platform.testCases.TC_LoginPage_001" name="loginTest" time="1.017"/>
</testsuite> <!-- com.messaging_platform.testCases.TC_LoginPage_001 -->
