<?xml version="1.0" encoding="UTF-8"?>
<!-- Generated by org.testng.reporters.JUnitReportReporter -->
<testsuite hostname="lenovo-Lenovo-V15-G2-ITL-Ua" failures="0" tests="1" name="com.Campaigns.testCases.TC_CreateCampaign_002" time="2.690" errors="0" timestamp="11 Nov 2022 09:17:57 GMT" skipped="0">
  <testcase classname="com.Campaigns.testCases.TC_CreateCampaign_002" name="CreateCampaign" time="2.690"/>
</testsuite> <!-- com.Campaigns.testCases.TC_CreateCampaign_002 -->
