<?xml version="1.0" encoding="UTF-8"?>
<!-- Generated by org.testng.reporters.JUnitReportReporter -->
<testsuite hostname="lenovo-Lenovo-V15-G2-ITL-Ua" failures="0" tests="8" name="com.messaging_platform.testCases.TC_MasterTestCase1" time="124.752" errors="0" timestamp="24 May 2022 05:12:39 GMT" skipped="0">
  <testcase classname="com.messaging_platform.testCases.TC_MasterTestCase1" name="CreateCampaign" time="19.903"/>
  <testcase classname="com.messaging_platform.testCases.TC_MasterTestCase1" name="UpdateCampaign" time="13.254"/>
  <testcase classname="com.messaging_platform.testCases.TC_MasterTestCase1" name="Compliance" time="6.261"/>
  <testcase classname="com.messaging_platform.testCases.TC_MasterTestCase1" name="OptinList" time="21.423"/>
  <testcase classname="com.messaging_platform.testCases.TC_MasterTestCase1" name="MessageSchedule" time="28.266"/>
  <testcase classname="com.messaging_platform.testCases.TC_MasterTestCase1" name="AutoResponse" time="25.775"/>
  <testcase classname="com.messaging_platform.testCases.TC_MasterTestCase1" name="Keywords" time="9.196"/>
  <testcase classname="com.messaging_platform.testCases.TC_MasterTestCase1" name="SMSInbox" time="0.674"/>
</testsuite> <!-- com.messaging_platform.testCases.TC_MasterTestCase1 -->
