<?xml version="1.0" encoding="UTF-8"?>
<!-- Generated by org.testng.reporters.JUnitReportReporter -->
<testsuite hostname="lenovo-Lenovo-V15-G2-ITL-Ua" failures="0" tests="6" name="com.messaging_platform.testCases.TC_MasterTestCaseFinal" time="117.436" errors="0" timestamp="09 May 2022 11:27:41 GMT" skipped="0">
  <testcase classname="com.messaging_platform.testCases.TC_MasterTestCaseFinal" name="CreateCampaign" time="19.900"/>
  <testcase classname="com.messaging_platform.testCases.TC_MasterTestCaseFinal" name="UpdateCampaign" time="13.120"/>
  <testcase classname="com.messaging_platform.testCases.TC_MasterTestCaseFinal" name="OptinList" time="21.337"/>
  <testcase classname="com.messaging_platform.testCases.TC_MasterTestCaseFinal" name="MessageSchedule" time="28.709"/>
  <testcase classname="com.messaging_platform.testCases.TC_MasterTestCaseFinal" name="AutoResponse" time="25.543"/>
  <testcase classname="com.messaging_platform.testCases.TC_MasterTestCaseFinal" name="Keywords" time="8.827"/>
</testsuite> <!-- com.messaging_platform.testCases.TC_MasterTestCaseFinal -->
