<?xml version="1.0" encoding="UTF-8"?>
<!-- Generated by org.testng.reporters.JUnitReportReporter -->
<testsuite hostname="lenovo-Lenovo-V15-G2-ITL-Ua" failures="0" tests="1" name="com.messaging_platform.testCases.TC_MMSTemplateActions_002" time="20.855" errors="0" timestamp="01 Jun 2022 08:04:27 GMT" skipped="0">
  <testcase classname="com.messaging_platform.testCases.TC_MMSTemplateActions_002" name="MMSTemplateActions" time="20.855"/>
</testsuite> <!-- com.messaging_platform.testCases.TC_MMSTemplateActions_002 -->
