<?xml version="1.0" encoding="UTF-8"?>
<!-- Generated by org.testng.reporters.JUnitReportReporter -->
<testsuite hostname="lenovo-Lenovo-V15-G2-ITL-Ua" failures="0" tests="20" name="com.AllMenus.testCases.TC_MessagingFlow_001" time="536.354" errors="0" timestamp="06 Oct 2022 07:31:04 GMT" skipped="0">
  <testcase classname="com.AllMenus.testCases.TC_MessagingFlow_001" name="CreateCampaign" time="20.693"/>
  <testcase classname="com.AllMenus.testCases.TC_MessagingFlow_001" name="UpdateCampaign" time="13.403"/>
  <testcase classname="com.AllMenus.testCases.TC_MessagingFlow_001" name="Compliance" time="6.182"/>
  <testcase classname="com.AllMenus.testCases.TC_MessagingFlow_001" name="OptinList" time="21.193"/>
  <testcase classname="com.AllMenus.testCases.TC_MessagingFlow_001" name="MessageSchedule" time="27.883"/>
  <testcase classname="com.AllMenus.testCases.TC_MessagingFlow_001" name="AutoResponse" time="25.636"/>
  <testcase classname="com.AllMenus.testCases.TC_MessagingFlow_001" name="Keywords" time="12.483"/>
  <testcase classname="com.AllMenus.testCases.TC_MessagingFlow_001" name="SMSInbox" time="5.759"/>
  <testcase classname="com.AllMenus.testCases.TC_MessagingFlow_001" name="createOptinList" time="15.932"/>
  <testcase classname="com.AllMenus.testCases.TC_MessagingFlow_001" name="optoutList" time="19.230"/>
  <testcase classname="com.AllMenus.testCases.TC_MessagingFlow_001" name="managekeywords" time="12.917"/>
  <testcase classname="com.AllMenus.testCases.TC_MessagingFlow_001" name="uploadMMSContent" time="54.053"/>
  <testcase classname="com.AllMenus.testCases.TC_MessagingFlow_001" name="createMMSTemplate" time="87.309"/>
  <testcase classname="com.AllMenus.testCases.TC_MessagingFlow_001" name="MMSPreview" time="48.121"/>
  <testcase classname="com.AllMenus.testCases.TC_MessagingFlow_001" name="copyMMS" time="8.508"/>
  <testcase classname="com.AllMenus.testCases.TC_MessagingFlow_001" name="editMMS" time="21.638"/>
  <testcase classname="com.AllMenus.testCases.TC_MessagingFlow_001" name="deleteMMS" time="6.701"/>
  <testcase classname="com.AllMenus.testCases.TC_MessagingFlow_001" name="messagingHistory" time="49.902"/>
  <testcase classname="com.AllMenus.testCases.TC_MessagingFlow_001" name="messagelookup" time="22.746"/>
  <testcase classname="com.AllMenus.testCases.TC_MessagingFlow_001" name="createMMSInbox" time="56.065"/>
</testsuite> <!-- com.AllMenus.testCases.TC_MessagingFlow_001 -->
