<?xml version="1.0" encoding="UTF-8"?>
<!-- Generated by org.testng.reporters.JUnitReportReporter -->
<testsuite hostname="lenovo-Lenovo-V15-G2-ITL-Ua" failures="0" tests="1" name="com.messaging_platform.testCases.TC_MessageScheduling_009" time="11.454" errors="0" timestamp="17 May 2022 10:49:35 GMT" skipped="0">
  <testcase classname="com.messaging_platform.testCases.TC_MessageScheduling_009" name="MessageSchedule" time="11.454"/>
</testsuite> <!-- com.messaging_platform.testCases.TC_MessageScheduling_009 -->
