<?xml version="1.0" encoding="UTF-8"?>
<!-- Generated by org.testng.reporters.JUnitReportReporter -->
<testsuite hostname="lenovo-Lenovo-V15-G2-ITL-Ua" failures="0" tests="1" name="com.messaging_platform.testCases.TC_AutoResponses_008" time="11.804" errors="0" timestamp="05 May 2022 06:10:40 GMT" skipped="0">
  <testcase classname="com.messaging_platform.testCases.TC_AutoResponses_008" name="AutoResponse" time="11.804"/>
</testsuite> <!-- com.messaging_platform.testCases.TC_AutoResponses_008 -->
