<?xml version="1.0" encoding="UTF-8"?>
<!-- Generated by org.testng.reporters.JUnitReportReporter -->
<testsuite hostname="lenovo-Lenovo-V15-G2-ITL-Ua" failures="0" tests="1" name="com.messaging_platform.testCases.TC_CreateCampaign_002" time="3.650" errors="0" timestamp="09 May 2022 05:26:10 GMT" skipped="0">
  <testcase classname="com.messaging_platform.testCases.TC_CreateCampaign_002" name="CreateCampaign" time="3.650"/>
</testsuite> <!-- com.messaging_platform.testCases.TC_CreateCampaign_002 -->
