<?xml version="1.0" encoding="UTF-8"?>
<!-- Generated by org.testng.reporters.JUnitReportReporter -->
<testsuite hostname="lenovo-Lenovo-V15-G2-ITL-Ua" failures="0" tests="1" name="com.Manage_Keywords.testCases.TC_ManageKeywords_001" time="19.962" errors="0" timestamp="14 Jul 2022 10:59:03 GMT" skipped="0">
  <testcase classname="com.Manage_Keywords.testCases.TC_ManageKeywords_001" name="managekeywords" time="19.962"/>
</testsuite> <!-- com.Manage_Keywords.testCases.TC_ManageKeywords_001 -->
