<?xml version="1.0" encoding="UTF-8"?>
<!-- Generated by org.testng.reporters.JUnitReportReporter -->
<testsuite hostname="lenovo-Lenovo-V15-G2-ITL-Ua" failures="0" tests="1" name="com.messaging_platform.testCases.TC_CreateMMS_001" time="86.701" errors="0" timestamp="27 May 2022 10:40:17 GMT" skipped="0">
  <testcase classname="com.messaging_platform.testCases.TC_CreateMMS_001" name="CreateMMS" time="86.701"/>
</testsuite> <!-- com.messaging_platform.testCases.TC_CreateMMS_001 -->
