<?xml version="1.0" encoding="UTF-8"?>
<!-- Generated by org.testng.reporters.JUnitReportReporter -->
<testsuite hostname="lenovo-Lenovo-V15-G2-ITL-Ua" failures="0" tests="1" name="com.Campaigns.testCases.TC_MessageScheduling_009" time="338.563" errors="0" timestamp="21 Jun 2022 04:22:23 GMT" skipped="0">
  <testcase classname="com.Campaigns.testCases.TC_MessageScheduling_009" name="MessageSchedule" time="338.563"/>
</testsuite> <!-- com.Campaigns.testCases.TC_MessageScheduling_009 -->
