<?xml version="1.0" encoding="UTF-8"?>
<!-- Generated by org.testng.reporters.JUnitReportReporter -->
<testsuite hostname="lenovo-Lenovo-V15-G2-ITL-Ua" failures="0" tests="6" name="com.messaging_platform.testCases.TC_MMSTemplate_MasterTestCase" time="219.385" errors="0" timestamp="06 Jun 2022 08:49:29 GMT" skipped="0">
  <testcase classname="com.messaging_platform.testCases.TC_MMSTemplate_MasterTestCase" name="uploadMMSContent" time="57.250"/>
  <testcase classname="com.messaging_platform.testCases.TC_MMSTemplate_MasterTestCase" name="createMMSTemplate" time="86.748"/>
  <testcase classname="com.messaging_platform.testCases.TC_MMSTemplate_MasterTestCase" name="MMSPreview" time="44.607"/>
  <testcase classname="com.messaging_platform.testCases.TC_MMSTemplate_MasterTestCase" name="copyMMS" time="8.189"/>
  <testcase classname="com.messaging_platform.testCases.TC_MMSTemplate_MasterTestCase" name="editMMS" time="20.884"/>
  <testcase classname="com.messaging_platform.testCases.TC_MMSTemplate_MasterTestCase" name="deleteMMS" time="1.707"/>
</testsuite> <!-- com.messaging_platform.testCases.TC_MMSTemplate_MasterTestCase -->
