<?xml version="1.0" encoding="UTF-8"?>
<!-- Generated by org.testng.reporters.JUnitReportReporter -->
<testsuite hostname="lenovo-Lenovo-V15-G2-ITL-Ua" failures="0" tests="6" name="com.MMS_Templates.testCases.TC_MMSTemplate_MasterTestCase" time="228.922" errors="0" timestamp="10 Nov 2022 06:50:44 GMT" skipped="0">
  <testcase classname="com.MMS_Templates.testCases.TC_MMSTemplate_MasterTestCase" name="uploadMMSContent" time="59.070"/>
  <testcase classname="com.MMS_Templates.testCases.TC_MMSTemplate_MasterTestCase" name="createMMSTemplate" time="87.082"/>
  <testcase classname="com.MMS_Templates.testCases.TC_MMSTemplate_MasterTestCase" name="MMSPreview" time="50.057"/>
  <testcase classname="com.MMS_Templates.testCases.TC_MMSTemplate_MasterTestCase" name="copyMMS" time="8.351"/>
  <testcase classname="com.MMS_Templates.testCases.TC_MMSTemplate_MasterTestCase" name="editMMS" time="22.631"/>
  <testcase classname="com.MMS_Templates.testCases.TC_MMSTemplate_MasterTestCase" name="deleteMMS" time="1.731"/>
</testsuite> <!-- com.MMS_Templates.testCases.TC_MMSTemplate_MasterTestCase -->
