<?xml version="1.0" encoding="UTF-8"?>
<!-- Generated by org.testng.reporters.JUnitReportReporter -->
<testsuite hostname="lenovo-Lenovo-V15-G2-ITL-Ua" failures="0" tests="5" name="com.People.testCases.TC_People_001" time="119.934" errors="0" timestamp="28 Sep 2022 07:11:51 GMT" skipped="0">
  <testcase classname="com.People.testCases.TC_People_001" name="uploadPeopleBulkData" time="12.670"/>
  <testcase classname="com.People.testCases.TC_People_001" name="viewUpdatePersonalInfo" time="8.249"/>
  <testcase classname="com.People.testCases.TC_People_001" name="createEditDeleteMergeTag" time="41.592"/>
  <testcase classname="com.People.testCases.TC_People_001" name="viewExportAdditionalData" time="40.728"/>
  <testcase classname="com.People.testCases.TC_People_001" name="checkOptinLists" time="16.695"/>
</testsuite> <!-- com.People.testCases.TC_People_001 -->
