<?xml version="1.0" encoding="UTF-8"?>
<!-- Generated by org.testng.reporters.JUnitReportReporter -->
<testsuite hostname="lenovo-Lenovo-V15-G2-ITL-Ua" failures="0" tests="1" name="com.Messaging_History.testCases.TC_MessagingHistory_001" time="175.020" errors="0" timestamp="15 Jul 2022 05:54:06 GMT" skipped="0">
  <testcase classname="com.Messaging_History.testCases.TC_MessagingHistory_001" name="messagingHistory" time="175.020"/>
</testsuite> <!-- com.Messaging_History.testCases.TC_MessagingHistory_001 -->
