<?xml version="1.0" encoding="UTF-8"?>
<!-- Generated by org.testng.reporters.JUnitReportReporter -->
<testsuite hostname="lenovo-Lenovo-V15-G2-ITL-Ua" failures="0" tests="5" name="com.Optin_List.testCases.TC_CreateOptinList_001" time="75.172" errors="0" timestamp="22 Jul 2022 04:59:01 GMT" skipped="0">
  <testcase classname="com.Optin_List.testCases.TC_CreateOptinList_001" name="createOptinList" time="9.440"/>
  <testcase classname="com.Optin_List.testCases.TC_CreateOptinList_001" name="uploadCSV" time="18.377"/>
  <testcase classname="com.Optin_List.testCases.TC_CreateOptinList_001" name="editOptinList" time="29.485"/>
  <testcase classname="com.Optin_List.testCases.TC_CreateOptinList_001" name="searchOptinList" time="13.399"/>
  <testcase classname="com.Optin_List.testCases.TC_CreateOptinList_001" name="deleteOptinList" time="4.471"/>
</testsuite> <!-- com.Optin_List.testCases.TC_CreateOptinList_001 -->
