<?xml version="1.0" encoding="UTF-8"?>
<!-- Generated by org.testng.reporters.JUnitReportReporter -->
<testsuite hostname="lenovo-Lenovo-V15-G2-ITL-Ua" failures="0" tests="1" name="com.Optout_List.testCases.TC_OptoutListMenu_001" time="17.551" errors="0" timestamp="30 Jun 2022 12:01:52 GMT" skipped="0">
  <testcase classname="com.Optout_List.testCases.TC_OptoutListMenu_001" name="optoutList" time="17.551"/>
</testsuite> <!-- com.Optout_List.testCases.TC_OptoutListMenu_001 -->
