<?xml version="1.0" encoding="UTF-8"?>
<!-- Generated by org.testng.reporters.JUnitReportReporter -->
<testsuite hostname="lenovo-Lenovo-V15-G2-ITL-Ua" failures="0" tests="10" name="com.Campaigns.testCases.TC_MasterTestCase" time="170.761" errors="0" timestamp="11 Nov 2022 09:53:28 GMT" skipped="0">
  <testcase classname="com.Campaigns.testCases.TC_MasterTestCase" name="SearchCampaign" time="3.670"/>
  <testcase classname="com.Campaigns.testCases.TC_MasterTestCase" name="CreateCampaign" time="38.003"/>
  <testcase classname="com.Campaigns.testCases.TC_MasterTestCase" name="UpdateCampaign" time="22.965"/>
  <testcase classname="com.Campaigns.testCases.TC_MasterTestCase" name="Compliance" time="6.069"/>
  <testcase classname="com.Campaigns.testCases.TC_MasterTestCase" name="OptinList" time="20.526"/>
  <testcase classname="com.Campaigns.testCases.TC_MasterTestCase" name="MessageSchedule" time="27.166"/>
  <testcase classname="com.Campaigns.testCases.TC_MasterTestCase" name="AutoResponse" time="25.178"/>
  <testcase classname="com.Campaigns.testCases.TC_MasterTestCase" name="Keywords" time="9.151"/>
  <testcase classname="com.Campaigns.testCases.TC_MasterTestCase" name="SMSInbox" time="3.567"/>
  <testcase classname="com.Campaigns.testCases.TC_MasterTestCase" name="copyDelete" time="14.466"/>
</testsuite> <!-- com.Campaigns.testCases.TC_MasterTestCase -->
