<?xml version="1.0" encoding="UTF-8"?>
<!-- Generated by org.testng.reporters.JUnitReportReporter -->
<testsuite hostname="lenovo-Lenovo-V15-G2-ITL-Ua" failures="0" tests="1" name="com.Message_Lookup.testCases.TC_MessageLookup_001" time="113.255" errors="0" timestamp="11 Jul 2022 09:58:15 GMT" skipped="0">
  <testcase classname="com.Message_Lookup.testCases.TC_MessageLookup_001" name="messagelookup" time="113.255"/>
</testsuite> <!-- com.Message_Lookup.testCases.TC_MessageLookup_001 -->
