<?xml version="1.0" encoding="UTF-8"?>
<!-- Generated by org.testng.reporters.JUnitReportReporter -->
<testsuite hostname="lenovo-Lenovo-V15-G2-ITL-Ua" failures="0" tests="5" name="com.MMS_Inboxes.testCases.TC_CreateMMSInbox_001" time="133.694" errors="0" timestamp="21 Jul 2022 05:12:53 GMT" skipped="0">
  <testcase classname="com.MMS_Inboxes.testCases.TC_CreateMMSInbox_001" name="createMMS" time="87.565"/>
  <testcase classname="com.MMS_Inboxes.testCases.TC_CreateMMSInbox_001" name="editMMS" time="18.393"/>
  <testcase classname="com.MMS_Inboxes.testCases.TC_CreateMMSInbox_001" name="viewMessages" time="14.997"/>
  <testcase classname="com.MMS_Inboxes.testCases.TC_CreateMMSInbox_001" name="viewKeywords" time="11.220"/>
  <testcase classname="com.MMS_Inboxes.testCases.TC_CreateMMSInbox_001" name="ViewStats" time="1.519"/>
</testsuite> <!-- com.MMS_Inboxes.testCases.TC_CreateMMSInbox_001 -->
