<?xml version="1.0" encoding="UTF-8"?>
<!-- Generated by org.testng.reporters.JUnitReportReporter -->
<testsuite hostname="lenovo-Lenovo-V15-G2-ITL-Ua" failures="0" tests="1" name="com.messaging_platform.testCases.TC_OptinList_006" time="4.726" errors="0" timestamp="06 May 2022 11:14:20 GMT" skipped="0">
  <testcase classname="com.messaging_platform.testCases.TC_OptinList_006" name="OptinList" time="4.726"/>
</testsuite> <!-- com.messaging_platform.testCases.TC_OptinList_006 -->
